<?xml version="1.0" encoding="UTF-8"?>
<!-- Generated by org.testng.reporters.JUnitXMLReporter -->
<testsuite ignored="0" hostname="DESKTOP-IT9VA0I" failures="0" tests="4" name="Test" time="59.944" errors="0" timestamp="2022-09-01T12:33:42 IST">
  <testcase classname="tests.LoginTest" name="login" time="9.97"/>
  <testcase classname="tests.TestOne" name="testOne" time="8.649"/>
  <testcase classname="tests.TestTwo" name="testTwo" time="16.632"/>
  <testcase classname="tests.TestThree" name="testThree" time="9.231"/>
</testsuite> <!-- Test -->
